0 info it worked if it ends with ok
1 verbose cli [ '/Users/Ro/.nvm/versions/node/v5.7.0/bin/node',
1 verbose cli   '/Users/Ro/.nvm/versions/node/v5.7.0/bin/npm',
1 verbose cli   'run',
1 verbose cli   'lint' ]
2 info using npm@3.6.0
3 info using node@v5.7.0
4 verbose run-script [ 'prelint', 'lint', 'postlint' ]
5 info lifecycle nwa-react-redux-boilerplate@0.0.1~prelint: nwa-react-redux-boilerplate@0.0.1
6 silly lifecycle nwa-react-redux-boilerplate@0.0.1~prelint: no script for prelint, continuing
7 info lifecycle nwa-react-redux-boilerplate@0.0.1~lint: nwa-react-redux-boilerplate@0.0.1
8 verbose lifecycle nwa-react-redux-boilerplate@0.0.1~lint: unsafe-perm in lifecycle true
9 verbose lifecycle nwa-react-redux-boilerplate@0.0.1~lint: PATH: /Users/Ro/.nvm/versions/node/v5.7.0/lib/node_modules/npm/bin/node-gyp-bin:/Users/Ro/www/macvad/nwa-react-redux-boilerplate/node_modules/.bin:/Users/Ro/.nvm/versions/node/v5.7.0/bin:/usr/local/bin:/usr/bin:/bin:/usr/sbin:/sbin
10 verbose lifecycle nwa-react-redux-boilerplate@0.0.1~lint: CWD: /Users/Ro/www/macvad/nwa-react-redux-boilerplate
11 silly lifecycle nwa-react-redux-boilerplate@0.0.1~lint: Args: [ '-c', 'eslint . ./' ]
12 silly lifecycle nwa-react-redux-boilerplate@0.0.1~lint: Returned: code: 1  signal: null
13 info lifecycle nwa-react-redux-boilerplate@0.0.1~lint: Failed to exec lint script
14 verbose stack Error: nwa-react-redux-boilerplate@0.0.1 lint: `eslint . ./`
14 verbose stack Exit status 1
14 verbose stack     at EventEmitter.<anonymous> (/Users/Ro/.nvm/versions/node/v5.7.0/lib/node_modules/npm/lib/utils/lifecycle.js:232:16)
14 verbose stack     at emitTwo (events.js:100:13)
14 verbose stack     at EventEmitter.emit (events.js:185:7)
14 verbose stack     at ChildProcess.<anonymous> (/Users/Ro/.nvm/versions/node/v5.7.0/lib/node_modules/npm/lib/utils/spawn.js:24:14)
14 verbose stack     at emitTwo (events.js:100:13)
14 verbose stack     at ChildProcess.emit (events.js:185:7)
14 verbose stack     at maybeClose (internal/child_process.js:827:16)
14 verbose stack     at Process.ChildProcess._handle.onexit (internal/child_process.js:211:5)
15 verbose pkgid nwa-react-redux-boilerplate@0.0.1
16 verbose cwd /Users/Ro/www/macvad/nwa-react-redux-boilerplate
17 error Darwin 15.3.0
18 error argv "/Users/Ro/.nvm/versions/node/v5.7.0/bin/node" "/Users/Ro/.nvm/versions/node/v5.7.0/bin/npm" "run" "lint"
19 error node v5.7.0
20 error npm  v3.6.0
21 error code ELIFECYCLE
22 error nwa-react-redux-boilerplate@0.0.1 lint: `eslint . ./`
22 error Exit status 1
23 error Failed at the nwa-react-redux-boilerplate@0.0.1 lint script 'eslint . ./'.
23 error Make sure you have the latest version of node.js and npm installed.
23 error If you do, this is most likely a problem with the nwa-react-redux-boilerplate package,
23 error not with npm itself.
23 error Tell the author that this fails on your system:
23 error     eslint . ./
23 error You can get information on how to open an issue for this project with:
23 error     npm bugs nwa-react-redux-boilerplate
23 error Or if that isn't available, you can get their info via:
23 error     npm owner ls nwa-react-redux-boilerplate
23 error There is likely additional logging output above.
24 verbose exit [ 1, true ]
